<?xml version="1.0" encoding="UTF-8"?>
<!-- Generated by org.testng.reporters.JUnitReportReporter -->
<testsuite skipped="0" hostname="MacBook-Pro.ciudadempresaria.com.ar" name="com.credify.project.tests.ApiTests" tests="3" failures="0" timestamp="13 Jun 2019 13:32:15 GMT" time="6.589" errors="0">
  <testcase name="test2" time="1.571" classname="com.credify.project.tests.ApiTests"/>
  <testcase name="test3" time="1.134" classname="com.credify.project.tests.ApiTests"/>
  <testcase name="test1" time="3.884" classname="com.credify.project.tests.ApiTests"/>
</testsuite> <!-- com.credify.project.tests.ApiTests -->
